生成启动时间为 2020/11/23 15:54:33。
     1>项目“D:\test\2020-11-23（2）\2020-11-23（2）\2020-11-23（2）.vcxproj”在节点 2 上(Build 个目标)。
     1>ClCompile:
         D:\安装位置\VC\bin\CL.exe /c /ZI /nologo /W3 /WX- /sdl /Od /Oy- /D _UNICODE /D UNICODE /Gm /EHsc /RTC1 /MDd /GS /fp:precise /Zc:wchar_t /Zc:forScope /Fo"Debug\\" /Fd"Debug\vc120.pdb" /Gd /TC /analyze- /errorReport:prompt test.c
         test.c
     1>d:\test\2020-11-23（2）\2020-11-23（2）\test.c(6): error C4700: 使用了未初始化的局部变量“C”
     1>d:\test\2020-11-23（2）\2020-11-23（2）\test.c(6): error C4700: 使用了未初始化的局部变量“E”
     1>d:\test\2020-11-23（2）\2020-11-23（2）\test.c(6): error C4700: 使用了未初始化的局部变量“D”
     1>d:\test\2020-11-23（2）\2020-11-23（2）\test.c(6): error C4700: 使用了未初始化的局部变量“A”
     1>d:\test\2020-11-23（2）\2020-11-23（2）\test.c(6): error C4700: 使用了未初始化的局部变量“B”
     1>已完成生成项目“D:\test\2020-11-23（2）\2020-11-23（2）\2020-11-23（2）.vcxproj”(Build 个目标)的操作 - 失败。

生成失败。

已用时间 00:00:00.19
